<?xml version="1.0" encoding="UTF-8"?>
<robot generator="Robot 3.1.2 (Python 3.8.2 on win32)" generated="20200413 15:40:18.442" rpa="false">
<suite id="s1" name="TestSuite1" source="C:\Users\saksa\Desktop\Workspaces\Eclipse_2019\RobotProject1\Test\TestSuite1.robot">
<kw name="Log" library="BuiltIn" type="setup">
<doc>Logs the given message with the given level.</doc>
<arguments>
<arg>This is inside Test Suite Setup</arg>
</arguments>
<msg timestamp="20200413 15:40:18.627" level="INFO">This is inside Test Suite Setup</msg>
<status status="PASS" starttime="20200413 15:40:18.626" endtime="20200413 15:40:18.627"></status>
</kw>
<test id="s1-t1" name="MyFirstTest">
<kw name="Log" library="BuiltIn" type="setup">
<doc>Logs the given message with the given level.</doc>
<arguments>
<arg>This is inside Test Case Setup</arg>
</arguments>
<msg timestamp="20200413 15:40:18.627" level="INFO">This is inside Test Case Setup</msg>
<status status="PASS" starttime="20200413 15:40:18.627" endtime="20200413 15:40:18.627"></status>
</kw>
<kw name="Log" library="BuiltIn">
<doc>Logs the given message with the given level.</doc>
<arguments>
<arg>This is my first test</arg>
</arguments>
<msg timestamp="20200413 15:40:18.628" level="INFO">This is my first test</msg>
<status status="PASS" starttime="20200413 15:40:18.628" endtime="20200413 15:40:18.628"></status>
</kw>
<kw name="Log" library="BuiltIn" type="teardown">
<doc>Logs the given message with the given level.</doc>
<arguments>
<arg>This is inside Test Case Teardown</arg>
</arguments>
<msg timestamp="20200413 15:40:18.629" level="INFO">This is inside Test Case Teardown</msg>
<status status="PASS" starttime="20200413 15:40:18.629" endtime="20200413 15:40:18.629"></status>
</kw>
<tags>
<tag>Sanity</tag>
</tags>
<status status="PASS" starttime="20200413 15:40:18.627" endtime="20200413 15:40:18.629" critical="yes"></status>
</test>
<test id="s1-t2" name="SampleLoginTest">
<kw name="Log" library="BuiltIn" type="setup">
<doc>Logs the given message with the given level.</doc>
<arguments>
<arg>This is inside Test Case Setup</arg>
</arguments>
<msg timestamp="20200413 15:40:18.631" level="INFO">This is inside Test Case Setup</msg>
<status status="PASS" starttime="20200413 15:40:18.630" endtime="20200413 15:40:18.631"></status>
</kw>
<kw name="Open Browser" library="SeleniumLibrary">
<doc>Opens a new browser instance to the optional ``url``.</doc>
<arguments>
<arg>${URL}</arg>
<arg>chrome</arg>
</arguments>
<msg timestamp="20200413 15:40:18.631" level="INFO">Opening browser 'chrome' to base url 'https://opensource-demo.orangehrmlive.com/'.</msg>
<status status="PASS" starttime="20200413 15:40:18.631" endtime="20200413 15:40:24.897"></status>
</kw>
<kw name="Set Browser Implicit Wait" library="SeleniumLibrary">
<doc>Sets the implicit wait value used by Selenium.</doc>
<arguments>
<arg>15</arg>
</arguments>
<status status="PASS" starttime="20200413 15:40:24.897" endtime="20200413 15:40:24.898"></status>
</kw>
<kw name="LoginKW">
<kw name="Input Text" library="SeleniumLibrary">
<doc>Types the given ``text`` into the text field identified by ``locator``.</doc>
<arguments>
<arg>//input[@id='txtUsername']</arg>
<arg>@{CREDENTIAL}[0]</arg>
</arguments>
<msg timestamp="20200413 15:40:24.899" level="INFO">Typing text 'Admin' into text field '//input[@id='txtUsername']'.</msg>
<status status="PASS" starttime="20200413 15:40:24.899" endtime="20200413 15:40:25.000"></status>
</kw>
<kw name="Input Password" library="SeleniumLibrary">
<doc>Types the given password into the text field identified by ``locator``.</doc>
<arguments>
<arg>//input[@id='txtPassword']</arg>
<arg>&amp;{LOGINDATA}[password]</arg>
</arguments>
<msg timestamp="20200413 15:40:25.000" level="INFO">Typing password into text field '//input[@id='txtPassword']'.</msg>
<msg timestamp="20200413 15:40:25.036" level="INFO">Temporally setting log level to: NONE</msg>
<msg timestamp="20200413 15:40:25.083" level="INFO">Log level changed from NONE to INFO.</msg>
<status status="PASS" starttime="20200413 15:40:25.000" endtime="20200413 15:40:25.083"></status>
</kw>
<kw name="Click Button" library="SeleniumLibrary">
<doc>Clicks the button identified by ``locator``.</doc>
<arguments>
<arg>//input[@id='btnLogin']</arg>
</arguments>
<msg timestamp="20200413 15:40:25.083" level="INFO">Clicking button '//input[@id='btnLogin']'.</msg>
<status status="PASS" starttime="20200413 15:40:25.083" endtime="20200413 15:40:28.330"></status>
</kw>
<status status="PASS" starttime="20200413 15:40:24.899" endtime="20200413 15:40:28.330"></status>
</kw>
<kw name="Sleep" library="BuiltIn">
<doc>Pauses the test executed for the given time.</doc>
<arguments>
<arg>5</arg>
</arguments>
<msg timestamp="20200413 15:40:33.333" level="INFO">Slept 5 seconds</msg>
<status status="PASS" starttime="20200413 15:40:28.331" endtime="20200413 15:40:33.333"></status>
</kw>
<kw name="Click Element" library="SeleniumLibrary">
<doc>Click the element identified by ``locator``.</doc>
<arguments>
<arg>//a[@id='welcome']</arg>
</arguments>
<msg timestamp="20200413 15:40:33.333" level="INFO">Clicking element '//a[@id='welcome']'.</msg>
<status status="PASS" starttime="20200413 15:40:33.333" endtime="20200413 15:40:33.379"></status>
</kw>
<kw name="Click Element" library="SeleniumLibrary">
<doc>Click the element identified by ``locator``.</doc>
<arguments>
<arg>//a[contains(text(),'Logout')]</arg>
</arguments>
<msg timestamp="20200413 15:40:33.380" level="INFO">Clicking element '//a[contains(text(),'Logout')]'.</msg>
<status status="PASS" starttime="20200413 15:40:33.380" endtime="20200413 15:40:34.512"></status>
</kw>
<kw name="Sleep" library="BuiltIn">
<doc>Pauses the test executed for the given time.</doc>
<arguments>
<arg>5</arg>
</arguments>
<msg timestamp="20200413 15:40:39.513" level="INFO">Slept 5 seconds</msg>
<status status="PASS" starttime="20200413 15:40:34.512" endtime="20200413 15:40:39.514"></status>
</kw>
<kw name="Close Browser" library="SeleniumLibrary">
<doc>Closes the current browser.</doc>
<status status="PASS" starttime="20200413 15:40:39.516" endtime="20200413 15:40:41.618"></status>
</kw>
<kw name="Log" library="BuiltIn">
<doc>Logs the given message with the given level.</doc>
<arguments>
<arg>TestCompleted</arg>
</arguments>
<msg timestamp="20200413 15:40:41.622" level="INFO">TestCompleted</msg>
<status status="PASS" starttime="20200413 15:40:41.621" endtime="20200413 15:40:41.622"></status>
</kw>
<kw name="Log" library="BuiltIn">
<doc>Logs the given message with the given level.</doc>
<arguments>
<arg>This test is executed by %{username} on %{os}</arg>
</arguments>
<msg timestamp="20200413 15:40:41.624" level="INFO">This test is executed by saksa on Windows_NT</msg>
<status status="PASS" starttime="20200413 15:40:41.623" endtime="20200413 15:40:41.624"></status>
</kw>
<kw name="Log" library="BuiltIn" type="teardown">
<doc>Logs the given message with the given level.</doc>
<arguments>
<arg>This is inside Test Case Teardown</arg>
</arguments>
<msg timestamp="20200413 15:40:41.627" level="INFO">This is inside Test Case Teardown</msg>
<status status="PASS" starttime="20200413 15:40:41.626" endtime="20200413 15:40:41.627"></status>
</kw>
<doc>This is sample of login test</doc>
<tags>
<tag>Sanity</tag>
</tags>
<status status="PASS" starttime="20200413 15:40:18.630" endtime="20200413 15:40:41.628" critical="yes"></status>
</test>
<kw name="Log" library="BuiltIn" type="teardown">
<doc>Logs the given message with the given level.</doc>
<arguments>
<arg>This is inside Test Suite Teardown</arg>
</arguments>
<msg timestamp="20200413 15:40:41.634" level="INFO">This is inside Test Suite Teardown</msg>
<status status="PASS" starttime="20200413 15:40:41.633" endtime="20200413 15:40:41.634"></status>
</kw>
<status status="PASS" starttime="20200413 15:40:18.443" endtime="20200413 15:40:41.634"></status>
</suite>
<statistics>
<total>
<stat pass="2" fail="0">Critical Tests</stat>
<stat pass="2" fail="0">All Tests</stat>
</total>
<tag>
<stat pass="2" fail="0">Sanity</stat>
</tag>
<suite>
<stat pass="2" fail="0" id="s1" name="TestSuite1">TestSuite1</stat>
</suite>
</statistics>
<errors>
</errors>
</robot>
