<?xml version="1.0" encoding="UTF-8"?>
<robot generator="Robot 3.1.2 (Python 3.8.2 on win32)" generated="20200414 10:10:54.220" rpa="false">
<suite id="s1" name="RobotProject1" source="C:\Users\saksa\git\RobotProject_4\RobotProject1">
<suite id="s1-s1" name="Test" source="C:\Users\saksa\git\RobotProject_4\RobotProject1\Test">
<suite id="s1-s1-s1" name="TestSuite1" source="C:\Users\saksa\git\RobotProject_4\RobotProject1\Test\TestSuite1.robot">
<kw name="Log" library="BuiltIn" type="setup">
<doc>Logs the given message with the given level.</doc>
<arguments>
<arg>This is inside Test Suite Setup</arg>
</arguments>
<msg timestamp="20200414 10:10:54.545" level="INFO">This is inside Test Suite Setup</msg>
<status status="PASS" starttime="20200414 10:10:54.545" endtime="20200414 10:10:54.545"></status>
</kw>
<test id="s1-s1-s1-t1" name="MyFirstTest">
<kw name="Log" library="BuiltIn" type="setup">
<doc>Logs the given message with the given level.</doc>
<arguments>
<arg>This is inside Test Case Setup</arg>
</arguments>
<msg timestamp="20200414 10:10:54.550" level="INFO">This is inside Test Case Setup</msg>
<status status="PASS" starttime="20200414 10:10:54.550" endtime="20200414 10:10:54.550"></status>
</kw>
<kw name="Log" library="BuiltIn">
<doc>Logs the given message with the given level.</doc>
<arguments>
<arg>This is my first test</arg>
</arguments>
<msg timestamp="20200414 10:10:54.550" level="INFO">This is my first test</msg>
<status status="PASS" starttime="20200414 10:10:54.550" endtime="20200414 10:10:54.550"></status>
</kw>
<kw name="Log" library="BuiltIn" type="teardown">
<doc>Logs the given message with the given level.</doc>
<arguments>
<arg>This is inside Test Case Teardown</arg>
</arguments>
<msg timestamp="20200414 10:10:54.550" level="INFO">This is inside Test Case Teardown</msg>
<status status="PASS" starttime="20200414 10:10:54.550" endtime="20200414 10:10:54.550"></status>
</kw>
<tags>
<tag>Sanity</tag>
</tags>
<status status="PASS" starttime="20200414 10:10:54.545" endtime="20200414 10:10:54.550" critical="yes"></status>
</test>
<test id="s1-s1-s1-t2" name="FirstSeleniumTest">
<kw name="Log" library="BuiltIn" type="setup">
<doc>Logs the given message with the given level.</doc>
<arguments>
<arg>This is inside Test Case Setup</arg>
</arguments>
<msg timestamp="20200414 10:10:54.553" level="INFO">This is inside Test Case Setup</msg>
<status status="PASS" starttime="20200414 10:10:54.553" endtime="20200414 10:10:54.553"></status>
</kw>
<kw name="Open Browser" library="SeleniumLibrary">
<doc>Opens a new browser instance to the optional ``url``.</doc>
<arguments>
<arg>http://www.google.co.th</arg>
<arg>chrome</arg>
</arguments>
<msg timestamp="20200414 10:10:54.553" level="INFO">Opening browser 'chrome' to base url 'http://www.google.co.th'.</msg>
<status status="PASS" starttime="20200414 10:10:54.553" endtime="20200414 10:10:58.461"></status>
</kw>
<kw name="Set Browser Implicit Wait" library="SeleniumLibrary">
<doc>Sets the implicit wait value used by Selenium.</doc>
<arguments>
<arg>5</arg>
</arguments>
<status status="PASS" starttime="20200414 10:10:58.462" endtime="20200414 10:10:58.466"></status>
</kw>
<kw name="Input Text" library="SeleniumLibrary">
<doc>Types the given ``text`` into the text field identified by ``locator``.</doc>
<arguments>
<arg>//input[@name='q']</arg>
<arg>saksatit</arg>
</arguments>
<msg timestamp="20200414 10:10:58.467" level="INFO">Typing text 'saksatit' into text field '//input[@name='q']'.</msg>
<status status="PASS" starttime="20200414 10:10:58.466" endtime="20200414 10:10:58.732"></status>
</kw>
<kw name="Press Keys" library="SeleniumLibrary">
<doc>Simulates the user pressing key(s) to an element or on the active browser.</doc>
<arguments>
<arg>//input[@name='q']</arg>
<arg>ENTER</arg>
</arguments>
<msg timestamp="20200414 10:10:58.732" level="INFO">Sending key(s) ('ENTER',) to //input[@name='q'] element.</msg>
<msg timestamp="20200414 10:10:59.010" level="INFO">Pressing special key ENTER to element.</msg>
<msg timestamp="20200414 10:10:59.011" level="INFO">Releasing special key ENTER.</msg>
<status status="PASS" starttime="20200414 10:10:58.732" endtime="20200414 10:10:59.836"></status>
</kw>
<kw name="Sleep" library="BuiltIn">
<doc>Pauses the test executed for the given time.</doc>
<arguments>
<arg>5</arg>
</arguments>
<msg timestamp="20200414 10:11:04.838" level="INFO">Slept 5 seconds</msg>
<status status="PASS" starttime="20200414 10:10:59.836" endtime="20200414 10:11:04.839"></status>
</kw>
<kw name="Close Browser" library="SeleniumLibrary">
<doc>Closes the current browser.</doc>
<status status="PASS" starttime="20200414 10:11:04.840" endtime="20200414 10:11:06.967"></status>
</kw>
<kw name="Log" library="BuiltIn" type="teardown">
<doc>Logs the given message with the given level.</doc>
<arguments>
<arg>This is inside Test Case Teardown</arg>
</arguments>
<msg timestamp="20200414 10:11:06.969" level="INFO">This is inside Test Case Teardown</msg>
<status status="PASS" starttime="20200414 10:11:06.969" endtime="20200414 10:11:06.969"></status>
</kw>
<tags>
<tag>Smoke</tag>
</tags>
<status status="PASS" starttime="20200414 10:10:54.550" endtime="20200414 10:11:06.969" critical="yes"></status>
</test>
<test id="s1-s1-s1-t3" name="SampleLoginTest">
<kw name="Log" library="BuiltIn" type="setup">
<doc>Logs the given message with the given level.</doc>
<arguments>
<arg>This is inside Test Case Setup</arg>
</arguments>
<msg timestamp="20200414 10:11:06.973" level="INFO">This is inside Test Case Setup</msg>
<status status="PASS" starttime="20200414 10:11:06.972" endtime="20200414 10:11:06.974"></status>
</kw>
<kw name="Open Browser" library="SeleniumLibrary">
<doc>Opens a new browser instance to the optional ``url``.</doc>
<arguments>
<arg>${URL}</arg>
<arg>chrome</arg>
</arguments>
<msg timestamp="20200414 10:11:06.974" level="INFO">Opening browser 'chrome' to base url 'https://opensource-demo.orangehrmlive.com/'.</msg>
<status status="PASS" starttime="20200414 10:11:06.974" endtime="20200414 10:11:24.219"></status>
</kw>
<kw name="Set Browser Implicit Wait" library="SeleniumLibrary">
<doc>Sets the implicit wait value used by Selenium.</doc>
<arguments>
<arg>15</arg>
</arguments>
<status status="PASS" starttime="20200414 10:11:24.220" endtime="20200414 10:11:24.222"></status>
</kw>
<kw name="LoginKW">
<kw name="Input Text" library="SeleniumLibrary">
<doc>Types the given ``text`` into the text field identified by ``locator``.</doc>
<arguments>
<arg>//input[@id='txtUsername']</arg>
<arg>@{CREDENTIAL}[0]</arg>
</arguments>
<msg timestamp="20200414 10:11:24.224" level="INFO">Typing text 'Admin' into text field '//input[@id='txtUsername']'.</msg>
<status status="PASS" starttime="20200414 10:11:24.223" endtime="20200414 10:11:24.330"></status>
</kw>
<kw name="Input Password" library="SeleniumLibrary">
<doc>Types the given password into the text field identified by ``locator``.</doc>
<arguments>
<arg>//input[@id='txtPassword']</arg>
<arg>&amp;{LOGINDATA}[password]</arg>
</arguments>
<msg timestamp="20200414 10:11:24.335" level="INFO">Typing password into text field '//input[@id='txtPassword']'.</msg>
<msg timestamp="20200414 10:11:24.377" level="INFO">Temporally setting log level to: NONE</msg>
<msg timestamp="20200414 10:11:24.426" level="INFO">Log level changed from NONE to INFO.</msg>
<status status="PASS" starttime="20200414 10:11:24.335" endtime="20200414 10:11:24.426"></status>
</kw>
<kw name="Click Button" library="SeleniumLibrary">
<doc>Clicks the button identified by ``locator``.</doc>
<arguments>
<arg>//input[@id='btnLogin']</arg>
</arguments>
<msg timestamp="20200414 10:11:24.427" level="INFO">Clicking button '//input[@id='btnLogin']'.</msg>
<status status="PASS" starttime="20200414 10:11:24.427" endtime="20200414 10:11:27.933"></status>
</kw>
<status status="PASS" starttime="20200414 10:11:24.223" endtime="20200414 10:11:27.934"></status>
</kw>
<kw name="Sleep" library="BuiltIn">
<doc>Pauses the test executed for the given time.</doc>
<arguments>
<arg>5</arg>
</arguments>
<msg timestamp="20200414 10:11:32.936" level="INFO">Slept 5 seconds</msg>
<status status="PASS" starttime="20200414 10:11:27.934" endtime="20200414 10:11:32.937"></status>
</kw>
<kw name="Click Element" library="SeleniumLibrary">
<doc>Click the element identified by ``locator``.</doc>
<arguments>
<arg>//a[@id='welcome']</arg>
</arguments>
<msg timestamp="20200414 10:11:32.940" level="INFO">Clicking element '//a[@id='welcome']'.</msg>
<status status="PASS" starttime="20200414 10:11:32.938" endtime="20200414 10:11:33.028"></status>
</kw>
<kw name="Click Element" library="SeleniumLibrary">
<doc>Click the element identified by ``locator``.</doc>
<arguments>
<arg>//a[contains(text(),'Logout')]</arg>
</arguments>
<msg timestamp="20200414 10:11:33.029" level="INFO">Clicking element '//a[contains(text(),'Logout')]'.</msg>
<status status="PASS" starttime="20200414 10:11:33.029" endtime="20200414 10:11:34.149"></status>
</kw>
<kw name="Sleep" library="BuiltIn">
<doc>Pauses the test executed for the given time.</doc>
<arguments>
<arg>5</arg>
</arguments>
<msg timestamp="20200414 10:11:39.152" level="INFO">Slept 5 seconds</msg>
<status status="PASS" starttime="20200414 10:11:34.150" endtime="20200414 10:11:39.152"></status>
</kw>
<kw name="Close Browser" library="SeleniumLibrary">
<doc>Closes the current browser.</doc>
<status status="PASS" starttime="20200414 10:11:39.152" endtime="20200414 10:11:41.246"></status>
</kw>
<kw name="Log" library="BuiltIn">
<doc>Logs the given message with the given level.</doc>
<arguments>
<arg>TestCompleted</arg>
</arguments>
<msg timestamp="20200414 10:11:41.246" level="INFO">TestCompleted</msg>
<status status="PASS" starttime="20200414 10:11:41.246" endtime="20200414 10:11:41.248"></status>
</kw>
<kw name="Log" library="BuiltIn">
<doc>Logs the given message with the given level.</doc>
<arguments>
<arg>This test is executed by %{username} on %{os}</arg>
</arguments>
<msg timestamp="20200414 10:11:41.248" level="INFO">This test is executed by saksa on Windows_NT</msg>
<status status="PASS" starttime="20200414 10:11:41.248" endtime="20200414 10:11:41.248"></status>
</kw>
<kw name="Log" library="BuiltIn" type="teardown">
<doc>Logs the given message with the given level.</doc>
<arguments>
<arg>This is inside Test Case Teardown</arg>
</arguments>
<msg timestamp="20200414 10:11:41.248" level="INFO">This is inside Test Case Teardown</msg>
<status status="PASS" starttime="20200414 10:11:41.248" endtime="20200414 10:11:41.248"></status>
</kw>
<doc>This is sample of login test</doc>
<tags>
<tag>Sanity</tag>
</tags>
<status status="PASS" starttime="20200414 10:11:06.969" endtime="20200414 10:11:41.248" critical="yes"></status>
</test>
<kw name="Log" library="BuiltIn" type="teardown">
<doc>Logs the given message with the given level.</doc>
<arguments>
<arg>This is inside Test Suite Teardown</arg>
</arguments>
<msg timestamp="20200414 10:11:41.250" level="INFO">This is inside Test Suite Teardown</msg>
<status status="PASS" starttime="20200414 10:11:41.250" endtime="20200414 10:11:41.250"></status>
</kw>
<status status="PASS" starttime="20200414 10:10:54.306" endtime="20200414 10:11:41.250"></status>
</suite>
<status status="PASS" starttime="20200414 10:10:54.306" endtime="20200414 10:11:41.252"></status>
</suite>
<status status="PASS" starttime="20200414 10:10:54.277" endtime="20200414 10:11:41.255"></status>
</suite>
<statistics>
<total>
<stat pass="3" fail="0">Critical Tests</stat>
<stat pass="3" fail="0">All Tests</stat>
</total>
<tag>
<stat pass="2" fail="0">Sanity</stat>
<stat pass="1" fail="0">Smoke</stat>
</tag>
<suite>
<stat pass="3" fail="0" id="s1" name="RobotProject1">RobotProject1</stat>
<stat pass="3" fail="0" id="s1-s1" name="Test">RobotProject1.Test</stat>
<stat pass="3" fail="0" id="s1-s1-s1" name="TestSuite1">RobotProject1.Test.TestSuite1</stat>
</suite>
</statistics>
<errors>
</errors>
</robot>
